<?xml version="1.0" encoding="UTF-8"?>
<!-- Generated by org.testng.reporters.JUnitReportReporter -->
<testsuite hostname="Hariom" failures="0" tests="5" name="com.runner.Runner" time="85.839" errors="0" timestamp="18 Jul 2024 11:40:04 GMT" skipped="0">
  <testcase classname="com.runner.Runner" name="runScenario" time="14.710"/>
  <testcase classname="com.runner.Runner" name="runScenario" time="19.671"/>
  <testcase classname="com.runner.Runner" name="runScenario" time="14.329"/>
  <testcase classname="com.runner.Runner" name="runScenario" time="20.715"/>
  <testcase classname="com.runner.Runner" name="runScenario" time="16.414"/>
</testsuite> <!-- com.runner.Runner -->
